#
# There is insufficient memory for the Java Runtime Environment to continue.
# Native memory allocation (malloc) failed to allocate 1065296 bytes for Chunk::new
# Possible reasons:
#   The system is out of physical RAM or swap space
#   In 32 bit mode, the process size limit was hit
# Possible solutions:
#   Reduce memory load on the system
#   Increase physical memory or swap space
#   Check if swap backing store is full
#   Use 64 bit Java on a 64 bit OS
#   Decrease Java heap size (-Xmx/-Xms)
#   Decrease number of Java threads
#   Decrease Java thread stack sizes (-Xss)
#   Set larger code cache with -XX:ReservedCodeCacheSize=
# This output file may be truncated or incomplete.
#
#  Out of Memory Error (allocation.cpp:390), pid=7416, tid=7696
#
# JRE version: Java(TM) SE Runtime Environment (8.0_25-b18) (build 1.8.0_25-b18)
# Java VM: Java HotSpot(TM) 64-Bit Server VM (25.25-b02 mixed mode windows-amd64 compressed oops)
# Failed to write core dump. Minidumps are not enabled by default on client versions of Windows
#

---------------  T H R E A D  ---------------

Current thread (0x0000000056beb000):  JavaThread "C2 CompilerThread0" daemon [_thread_in_native, id=7696, stack(0x00000000570d0000,0x00000000571d0000)]

Stack: [0x00000000570d0000,0x00000000571d0000]
Native frames: (J=compiled Java code, j=interpreted, Vv=VM code, C=native code)
V  [jvm.dll+0x31667a]
V  [jvm.dll+0x267073]
V  [jvm.dll+0x267cb3]
V  [jvm.dll+0x25f5b5]
V  [jvm.dll+0xbf165]
V  [jvm.dll+0xbf60c]
V  [jvm.dll+0x478fbc]
V  [jvm.dll+0x4463eb]
V  [jvm.dll+0x45130e]
V  [jvm.dll+0x4538f8]
V  [jvm.dll+0x437372]
V  [jvm.dll+0x98a02]
V  [jvm.dll+0x991f3]
V  [jvm.dll+0x22bde4]
V  [jvm.dll+0x2852fa]
C  [msvcr100.dll+0x21d9f]
C  [msvcr100.dll+0x21e3b]
C  [kernel32.dll+0x1652d]
C  [ntdll.dll+0x2c541]


Current CompileTask:
C2:2308906 14431       4       java.beans.Introspector::addPropertyDescriptor (265 bytes)


---------------  P R O C E S S  ---------------

Java Threads: ( => current thread )
  0x0000000056c10800 JavaThread "Stdin handler" [_thread_blocked, id=8892, stack(0x0000000059330000,0x0000000059430000)]
  0x0000000056c0f000 JavaThread "Cancel handler" [_thread_blocked, id=8268, stack(0x0000000060a70000,0x0000000060b70000)]
  0x0000000056c10000 JavaThread "Handler for socket connection from /127.0.0.1:1145 to /127.0.0.1:3395" [_thread_in_native, id=7428, stack(0x0000000059fa0000,0x000000005a0a0000)]
  0x0000000058a99000 JavaThread "Daemon worker Thread 9" [_thread_in_native, id=8540, stack(0x0000000059b90000,0x0000000059c90000)]
  0x0000000058a98800 JavaThread "Daemon Thread 9" [_thread_blocked, id=6308, stack(0x0000000059900000,0x0000000059a00000)]
  0x0000000056ef4800 JavaThread "File lock request listener" [_thread_in_native, id=1624, stack(0x000000005c7e0000,0x000000005c8e0000)]
  0x000000005864f000 JavaThread "Incoming local TCP Connector on port 1145" [_thread_in_native, id=3528, stack(0x0000000059600000,0x0000000059700000)]
  0x0000000056c7c000 JavaThread "Service Thread" daemon [_thread_blocked, id=5028, stack(0x0000000057750000,0x0000000057850000)]
  0x0000000056bf4000 JavaThread "C1 CompilerThread2" daemon [_thread_blocked, id=7728, stack(0x0000000057610000,0x0000000057710000)]
  0x0000000056bf2000 JavaThread "C2 CompilerThread1" daemon [_thread_blocked, id=7708, stack(0x00000000574d0000,0x00000000575d0000)]
=>0x0000000056beb000 JavaThread "C2 CompilerThread0" daemon [_thread_in_native, id=7696, stack(0x00000000570d0000,0x00000000571d0000)]
  0x0000000056be8800 JavaThread "Attach Listener" daemon [_thread_blocked, id=7688, stack(0x0000000057370000,0x0000000057470000)]
  0x0000000054c5c800 JavaThread "Signal Dispatcher" daemon [_thread_blocked, id=5528, stack(0x00000000571d0000,0x00000000572d0000)]
  0x0000000054bf5800 JavaThread "Finalizer" daemon [_thread_blocked, id=6088, stack(0x0000000056ae0000,0x0000000056be0000)]
  0x0000000054bec800 JavaThread "Reference Handler" daemon [_thread_blocked, id=5772, stack(0x0000000056930000,0x0000000056a30000)]
  0x0000000002178000 JavaThread "main" [_thread_blocked, id=6936, stack(0x00000000022f0000,0x00000000023f0000)]

Other Threads:
  0x0000000054be7000 VMThread [stack: 0x00000000567d0000,0x00000000568d0000] [id=5416]
  0x0000000056c81000 WatcherThread [stack: 0x00000000579f0000,0x0000000057af0000] [id=3348]

VM state:not at safepoint (normal execution)

VM Mutex/Monitor currently owned by a thread: None

Heap:
 PSYoungGen      total 325120K, used 159160K [0x00000000eab00000, 0x0000000100000000, 0x0000000100000000)
  eden space 300544K, 52% used [0x00000000eab00000,0x00000000f466e028,0x00000000fd080000)
  from space 24576K, 0% used [0x00000000fe800000,0x00000000fe800000,0x0000000100000000)
  to   space 24064K, 0% used [0x00000000fd080000,0x00000000fd080000,0x00000000fe800000)
 ParOldGen       total 87552K, used 40952K [0x00000000c0000000, 0x00000000c5580000, 0x00000000eab00000)
  object space 87552K, 46% used [0x00000000c0000000,0x00000000c27fe0d0,0x00000000c5580000)
 Metaspace       used 57666K, capacity 60838K, committed 63104K, reserved 1103872K
  class space    used 7488K, capacity 7869K, committed 8576K, reserved 1048576K

Card table byte_map: [0x00000000117b0000,0x00000000119c0000] byte_map_base: 0x00000000111b0000

Marking Bits: (ParMarkBitMap*) 0x00000000559dd490
 Begin Bits: [0x0000000012060000, 0x0000000013060000)
 End Bits:   [0x0000000013060000, 0x0000000014060000)

Polling page: 0x0000000000110000

CodeCache: size=245760Kb used=40260Kb max_used=40531Kb free=205499Kb
 bounds [0x00000000023f0000, 0x0000000004bd0000, 0x00000000113f0000]
 total_blobs=11739 nmethods=11003 adapters=647
 compilation: enabled

Compilation events (10 events):
Event: 2306.985 Thread 0x0000000056bf4000 14438   !   3       com.sun.proxy.$Proxy25::value (29 bytes)
Event: 2306.986 Thread 0x0000000056bf4000 nmethod 14438 0x00000000026021d0 code [0x0000000002602360, 0x0000000002602758]
Event: 2306.986 Thread 0x0000000056bf4000 14436       1       org.gradle.groovy.scripts.DefaultScriptCompilerFactory::access$100 (5 bytes)
Event: 2306.986 Thread 0x0000000056bf4000 nmethod 14436 0x00000000031c4350 code [0x00000000031c44a0, 0x00000000031c4590]
Event: 2306.986 Thread 0x0000000056bf4000 14437       1       org.gradle.groovy.scripts.internal.DefaultScriptCompilationHandler$ClassesDirCompiledScript::getData (5 bytes)
Event: 2306.986 Thread 0x0000000056bf4000 nmethod 14437 0x00000000040f00d0 code [0x00000000040f0220, 0x00000000040f0330]
Event: 2306.994 Thread 0x0000000056bf4000 14440       3       org.codehaus.groovy.runtime.callsite.StaticMetaMethodSite::checkCall (47 bytes)
Event: 2306.995 Thread 0x0000000056bf4000 nmethod 14440 0x0000000003eed490 code [0x0000000003eed660, 0x0000000003eee048]
Event: 2306.996 Thread 0x0000000056bf4000 14441       3       java.util.regex.Pattern::mark (11 bytes)
Event: 2306.996 Thread 0x0000000056bf4000 nmethod 14441 0x0000000003b32d10 code [0x0000000003b32e60, 0x0000000003b32fd0]

GC Heap History (10 events):
Event: 1950.062 GC heap before
{Heap before GC invocations=26 (full 8):
 PSYoungGen      total 324096K, used 11680K [0x00000000eab00000, 0x0000000100000000, 0x0000000100000000)
  eden space 298496K, 0% used [0x00000000eab00000,0x00000000eab00000,0x00000000fce80000)
  from space 25600K, 45% used [0x00000000fe700000,0x00000000ff268020,0x0000000100000000)
  to   space 25088K, 0% used [0x00000000fce80000,0x00000000fce80000,0x00000000fe700000)
 ParOldGen       total 87552K, used 27811K [0x00000000c0000000, 0x00000000c5580000, 0x00000000eab00000)
  object space 87552K, 31% used [0x00000000c0000000,0x00000000c1b28f80,0x00000000c5580000)
 Metaspace       used 56492K, capacity 58630K, committed 62336K, reserved 1103872K
  class space    used 7339K, capacity 7628K, committed 8576K, reserved 1048576K
Event: 1950.418 GC heap after
Heap after GC invocations=26 (full 8):
 PSYoungGen      total 324096K, used 0K [0x00000000eab00000, 0x0000000100000000, 0x0000000100000000)
  eden space 298496K, 0% used [0x00000000eab00000,0x00000000eab00000,0x00000000fce80000)
  from space 25600K, 0% used [0x00000000fe700000,0x00000000fe700000,0x0000000100000000)
  to   space 25088K, 0% used [0x00000000fce80000,0x00000000fce80000,0x00000000fe700000)
 ParOldGen       total 87552K, used 37259K [0x00000000c0000000, 0x00000000c5580000, 0x00000000eab00000)
  object space 87552K, 42% used [0x00000000c0000000,0x00000000c2462d60,0x00000000c5580000)
 Metaspace       used 56492K, capacity 58630K, committed 62336K, reserved 1103872K
  class space    used 7339K, capacity 7628K, committed 8576K, reserved 1048576K
}
Event: 2079.493 GC heap before
{Heap before GC invocations=27 (full 8):
 PSYoungGen      total 324096K, used 257792K [0x00000000eab00000, 0x0000000100000000, 0x0000000100000000)
  eden space 298496K, 86% used [0x00000000eab00000,0x00000000fa6c03c0,0x00000000fce80000)
  from space 25600K, 0% used [0x00000000fe700000,0x00000000fe700000,0x0000000100000000)
  to   space 25088K, 0% used [0x00000000fce80000,0x00000000fce80000,0x00000000fe700000)
 ParOldGen       total 87552K, used 37259K [0x00000000c0000000, 0x00000000c5580000, 0x00000000eab00000)
  object space 87552K, 42% used [0x00000000c0000000,0x00000000c2462d60,0x00000000c5580000)
 Metaspace       used 56958K, capacity 59382K, committed 62592K, reserved 1103872K
  class space    used 7383K, capacity 7694K, committed 8576K, reserved 1048576K
Event: 2079.497 GC heap after
Heap after GC invocations=27 (full 8):
 PSYoungGen      total 323584K, used 2727K [0x00000000eab00000, 0x0000000100000000, 0x0000000100000000)
  eden space 298496K, 0% used [0x00000000eab00000,0x00000000eab00000,0x00000000fce80000)
  from space 25088K, 10% used [0x00000000fce80000,0x00000000fd129e50,0x00000000fe700000)
  to   space 24576K, 0% used [0x00000000fe800000,0x00000000fe800000,0x0000000100000000)
 ParOldGen       total 87552K, used 37267K [0x00000000c0000000, 0x00000000c5580000, 0x00000000eab00000)
  object space 87552K, 42% used [0x00000000c0000000,0x00000000c2464d60,0x00000000c5580000)
 Metaspace       used 56958K, capacity 59382K, committed 62592K, reserved 1103872K
  class space    used 7383K, capacity 7694K, committed 8576K, reserved 1048576K
}
Event: 2079.497 GC heap before
{Heap before GC invocations=28 (full 9):
 PSYoungGen      total 323584K, used 2727K [0x00000000eab00000, 0x0000000100000000, 0x0000000100000000)
  eden space 298496K, 0% used [0x00000000eab00000,0x00000000eab00000,0x00000000fce80000)
  from space 25088K, 10% used [0x00000000fce80000,0x00000000fd129e50,0x00000000fe700000)
  to   space 24576K, 0% used [0x00000000fe800000,0x00000000fe800000,0x0000000100000000)
 ParOldGen       total 87552K, used 37267K [0x00000000c0000000, 0x00000000c5580000, 0x00000000eab00000)
  object space 87552K, 42% used [0x00000000c0000000,0x00000000c2464d60,0x00000000c5580000)
 Metaspace       used 56958K, capacity 59382K, committed 62592K, reserved 1103872K
  class space    used 7383K, capacity 7694K, committed 8576K, reserved 1048576K
Event: 2079.795 GC heap after
Heap after GC invocations=28 (full 9):
 PSYoungGen      total 323584K, used 0K [0x00000000eab00000, 0x0000000100000000, 0x0000000100000000)
  eden space 298496K, 0% used [0x00000000eab00000,0x00000000eab00000,0x00000000fce80000)
  from space 25088K, 0% used [0x00000000fce80000,0x00000000fce80000,0x00000000fe700000)
  to   space 24576K, 0% used [0x00000000fe800000,0x00000000fe800000,0x0000000100000000)
 ParOldGen       total 87552K, used 39129K [0x00000000c0000000, 0x00000000c5580000, 0x00000000eab00000)
  object space 87552K, 44% used [0x00000000c0000000,0x00000000c2636580,0x00000000c5580000)
 Metaspace       used 56958K, capacity 59382K, committed 62592K, reserved 1103872K
  class space    used 7383K, capacity 7694K, committed 8576K, reserved 1048576K
}
Event: 2237.853 GC heap before
{Heap before GC invocations=29 (full 9):
 PSYoungGen      total 323584K, used 120550K [0x00000000eab00000, 0x0000000100000000, 0x0000000100000000)
  eden space 298496K, 40% used [0x00000000eab00000,0x00000000f20b9ad0,0x00000000fce80000)
  from space 25088K, 0% used [0x00000000fce80000,0x00000000fce80000,0x00000000fe700000)
  to   space 24576K, 0% used [0x00000000fe800000,0x00000000fe800000,0x0000000100000000)
 ParOldGen       total 87552K, used 39129K [0x00000000c0000000, 0x00000000c5580000, 0x00000000eab00000)
  object space 87552K, 44% used [0x00000000c0000000,0x00000000c2636580,0x00000000c5580000)
 Metaspace       used 57236K, capacity 59914K, committed 62848K, reserved 1103872K
  class space    used 7419K, capacity 7753K, committed 8576K, reserved 1048576K
Event: 2237.860 GC heap after
Heap after GC invocations=29 (full 9):
 PSYoungGen      total 325120K, used 3807K [0x00000000eab00000, 0x0000000100000000, 0x0000000100000000)
  eden space 300544K, 0% used [0x00000000eab00000,0x00000000eab00000,0x00000000fd080000)
  from space 24576K, 15% used [0x00000000fe800000,0x00000000febb7c50,0x0000000100000000)
  to   space 24064K, 0% used [0x00000000fd080000,0x00000000fd080000,0x00000000fe800000)
 ParOldGen       total 87552K, used 39137K [0x00000000c0000000, 0x00000000c5580000, 0x00000000eab00000)
  object space 87552K, 44% used [0x00000000c0000000,0x00000000c2638580,0x00000000c5580000)
 Metaspace       used 57236K, capacity 59914K, committed 62848K, reserved 1103872K
  class space    used 7419K, capacity 7753K, committed 8576K, reserved 1048576K
}
Event: 2237.860 GC heap before
{Heap before GC invocations=30 (full 10):
 PSYoungGen      total 325120K, used 3807K [0x00000000eab00000, 0x0000000100000000, 0x0000000100000000)
  eden space 300544K, 0% used [0x00000000eab00000,0x00000000eab00000,0x00000000fd080000)
  from space 24576K, 15% used [0x00000000fe800000,0x00000000febb7c50,0x0000000100000000)
  to   space 24064K, 0% used [0x00000000fd080000,0x00000000fd080000,0x00000000fe800000)
 ParOldGen       total 87552K, used 39137K [0x00000000c0000000, 0x00000000c5580000, 0x00000000eab00000)
  object space 87552K, 44% used [0x00000000c0000000,0x00000000c2638580,0x00000000c5580000)
 Metaspace       used 57236K, capacity 59914K, committed 62848K, reserved 1103872K
  class space    used 7419K, capacity 7753K, committed 8576K, reserved 1048576K
Event: 2238.148 GC heap after
Heap after GC invocations=30 (full 10):
 PSYoungGen      total 325120K, used 0K [0x00000000eab00000, 0x0000000100000000, 0x0000000100000000)
  eden space 300544K, 0% used [0x00000000eab00000,0x00000000eab00000,0x00000000fd080000)
  from space 24576K, 0% used [0x00000000fe800000,0x00000000fe800000,0x0000000100000000)
  to   space 24064K, 0% used [0x00000000fd080000,0x00000000fd080000,0x00000000fe800000)
 ParOldGen       total 87552K, used 40952K [0x00000000c0000000, 0x00000000c5580000, 0x00000000eab00000)
  object space 87552K, 46% used [0x00000000c0000000,0x00000000c27fe0d0,0x00000000c5580000)
 Metaspace       used 57236K, capacity 59914K, committed 62848K, reserved 1103872K
  class space    used 7419K, capacity 7753K, committed 8576K, reserved 1048576K
}

Deoptimization events (10 events):
Event: 1949.431 Thread 0x0000000058a97800 Uncommon trap: reason=unreached action=reinterpret pc=0x0000000003e56290 method=sun.security.provider.DigestBase.engineUpdate(B)V @ 4
Event: 1978.711 Thread 0x0000000058a97800 Uncommon trap: reason=unreached action=reinterpret pc=0x000000000309757c method=java.lang.ref.SoftReference.get()Ljava/lang/Object; @ 6
Event: 1978.711 Thread 0x0000000058a97800 Uncommon trap: reason=bimorphic action=maybe_recompile pc=0x000000000406c7a4 method=java.lang.StringCoding$StringDecoder.charsetName()Ljava/lang/String; @ 17
Event: 2071.967 Thread 0x0000000058a9a000 Uncommon trap: reason=null_check action=make_not_entrant pc=0x000000000462d3e8 method=com.sun.org.apache.xerces.internal.dom.NamedNodeMapImpl.findNamePoint(Ljava/lang/String;Ljava/lang/String;)I @ 76
Event: 2071.967 Thread 0x0000000058a9a000 Uncommon trap: reason=null_check action=make_not_entrant pc=0x00000000040fa688 method=com.sun.org.apache.xerces.internal.dom.NamedNodeMapImpl.findNamePoint(Ljava/lang/String;Ljava/lang/String;)I @ 76
Event: 2079.797 Thread 0x0000000054bf5800 Uncommon trap: reason=unreached action=reinterpret pc=0x0000000002b028b0 method=java.util.WeakHashMap.eq(Ljava/lang/Object;Ljava/lang/Object;)Z @ 2
Event: 2237.842 Thread 0x0000000058a99000 Uncommon trap: reason=bimorphic action=maybe_recompile pc=0x0000000002ea5b8c method=org.gradle.logging.internal.AbstractStyledTextOutput.text(Ljava/lang/Object;)Lorg/gradle/logging/StyledTextOutput; @ 11
Event: 2238.178 Thread 0x0000000058a98800 Uncommon trap: reason=predicate action=maybe_recompile pc=0x00000000027357d0 method=java.util.TimSort.binarySort([Ljava/lang/Object;IIILjava/util/Comparator;)V @ 37
Event: 2276.211 Thread 0x0000000056c12000 Uncommon trap: reason=unreached action=reinterpret pc=0x0000000003f9ff04 method=java.io.ExpiringCache.put(Ljava/lang/String;Ljava/lang/String;)V @ 29
Event: 2276.211 Thread 0x0000000056c0f000 Uncommon trap: reason=unreached action=reinterpret pc=0x0000000003f9ff04 method=java.io.ExpiringCache.put(Ljava/lang/String;Ljava/lang/String;)V @ 29

Internal exceptions (10 events):
Event: 2306.980 Thread 0x0000000058a99000 Exception <a 'java/security/PrivilegedActionException'> (0x00000000f3c50938) thrown at [D:\re\workspace\8-2-build-windows-amd64-cygwin\jdk8u25\1677\hotspot\src\share\vm\prims\jvm.cpp, line 1312]
Event: 2306.980 Thread 0x0000000058a99000 Exception <a 'java/security/PrivilegedActionException'> (0x00000000f3c590e0) thrown at [D:\re\workspace\8-2-build-windows-amd64-cygwin\jdk8u25\1677\hotspot\src\share\vm\prims\jvm.cpp, line 1312]
Event: 2306.981 Thread 0x0000000058a99000 Exception <a 'java/security/PrivilegedActionException'> (0x00000000f3c5d6d8) thrown at [D:\re\workspace\8-2-build-windows-amd64-cygwin\jdk8u25\1677\hotspot\src\share\vm\prims\jvm.cpp, line 1312]
Event: 2306.981 Thread 0x0000000058a99000 Exception <a 'java/security/PrivilegedActionException'> (0x00000000f3c628f8) thrown at [D:\re\workspace\8-2-build-windows-amd64-cygwin\jdk8u25\1677\hotspot\src\share\vm\prims\jvm.cpp, line 1312]
Event: 2306.981 Thread 0x0000000058a99000 Exception <a 'java/security/PrivilegedActionException'> (0x00000000f3c63dc0) thrown at [D:\re\workspace\8-2-build-windows-amd64-cygwin\jdk8u25\1677\hotspot\src\share\vm\prims\jvm.cpp, line 1312]
Event: 2306.982 Thread 0x0000000058a99000 Exception <a 'java/security/PrivilegedActionException'> (0x00000000f3c6d5e8) thrown at [D:\re\workspace\8-2-build-windows-amd64-cygwin\jdk8u25\1677\hotspot\src\share\vm\prims\jvm.cpp, line 1312]
Event: 2306.986 Thread 0x0000000058a99000 Exception <a 'java/security/PrivilegedActionException'> (0x00000000f3cadaa0) thrown at [D:\re\workspace\8-2-build-windows-amd64-cygwin\jdk8u25\1677\hotspot\src\share\vm\prims\jvm.cpp, line 1312]
Event: 2306.987 Thread 0x0000000058a99000 Exception <a 'java/security/PrivilegedActionException'> (0x00000000f3cb34f8) thrown at [D:\re\workspace\8-2-build-windows-amd64-cygwin\jdk8u25\1677\hotspot\src\share\vm\prims\jvm.cpp, line 1312]
Event: 2306.987 Thread 0x0000000058a99000 Exception <a 'java/security/PrivilegedActionException'> (0x00000000f3cb4d78) thrown at [D:\re\workspace\8-2-build-windows-amd64-cygwin\jdk8u25\1677\hotspot\src\share\vm\prims\jvm.cpp, line 1312]
Event: 2306.987 Thread 0x0000000058a99000 Exception <a 'java/security/PrivilegedActionException'> (0x00000000f3cbf330) thrown at [D:\re\workspace\8-2-build-windows-amd64-cygwin\jdk8u25\1677\hotspot\src\share\vm\prims\jvm.cpp, line 1312]

Events (10 events):
Event: 2306.980 loading class groovy/runtime/metaclass/asLocalRepo16_4eah7noxipx7x32hv1yz0xjw7$_run_closure1$_closure2MetaClass
Event: 2306.980 loading class groovy/runtime/metaclass/asLocalRepo16_4eah7noxipx7x32hv1yz0xjw7$_run_closure1$_closure2MetaClass done
Event: 2306.981 loading class asLocalRepo16_4eah7noxipx7x32hv1yz0xjw7$_run_closure1$_closure2$_closure3
Event: 2306.981 loading class asLocalRepo16_4eah7noxipx7x32hv1yz0xjw7$_run_closure1$_closure2$_closure3 done
Event: 2306.981 loading class groovy/runtime/metaclass/asLocalRepo16_4eah7noxipx7x32hv1yz0xjw7$_run_closure1$_closure2$_closure3MetaClass
Event: 2306.981 loading class groovy/runtime/metaclass/asLocalRepo16_4eah7noxipx7x32hv1yz0xjw7$_run_closure1$_closure2$_closure3MetaClass done
Event: 2306.986 loading class asLocalRepo16_4eah7noxipx7x32hv1yz0xjw7$_run_closure1$_closure2$_closure3$_closure4
Event: 2306.986 loading class asLocalRepo16_4eah7noxipx7x32hv1yz0xjw7$_run_closure1$_closure2$_closure3$_closure4 done
Event: 2306.987 loading class groovy/runtime/metaclass/asLocalRepo16_4eah7noxipx7x32hv1yz0xjw7$_run_closure1$_closure2$_closure3$_closure4MetaClass
Event: 2306.987 loading class groovy/runtime/metaclass/asLocalRepo16_4eah7noxipx7x32hv1yz0xjw7$_run_closure1$_closure2$_closure3$_closure4MetaClass done


Dynamic libraries:
0x000000013ff20000 - 0x000000013ff54000 	C:\Program Files\Java\jdk1.8.0_25\bin\java.exe
0x00000000771a0000 - 0x0000000077349000 	C:\Windows\SYSTEM32\ntdll.dll
0x0000000076f80000 - 0x000000007709f000 	C:\Windows\system32\kernel32.dll
0x000007fefd300000 - 0x000007fefd36b000 	C:\Windows\system32\KERNELBASE.dll
0x000007fefe680000 - 0x000007fefe75b000 	C:\Windows\system32\ADVAPI32.dll
0x000007fefe530000 - 0x000007fefe5cf000 	C:\Windows\system32\msvcrt.dll
0x000007fefe490000 - 0x000007fefe4af000 	C:\Windows\SYSTEM32\sechost.dll
0x000007fefe760000 - 0x000007fefe88d000 	C:\Windows\system32\RPCRT4.dll
0x00000000770a0000 - 0x000000007719a000 	C:\Windows\system32\USER32.dll
0x000007fefed20000 - 0x000007fefed87000 	C:\Windows\system32\GDI32.dll
0x000007fefe480000 - 0x000007fefe48e000 	C:\Windows\system32\LPK.dll
0x000007fefe8f0000 - 0x000007fefe9b9000 	C:\Windows\system32\USP10.dll
0x000007fefbff0000 - 0x000007fefc1e4000 	C:\Windows\WinSxS\amd64_microsoft.windows.common-controls_6595b64144ccf1df_6.0.7601.17514_none_fa396087175ac9ac\COMCTL32.dll
0x000007fefe4b0000 - 0x000007fefe521000 	C:\Windows\system32\SHLWAPI.dll
0x000007feff090000 - 0x000007feff0be000 	C:\Windows\system32\IMM32.DLL
0x000007fefe370000 - 0x000007fefe479000 	C:\Windows\system32\MSCTF.dll
0x0000000054e30000 - 0x0000000054f02000 	C:\Program Files\Java\jdk1.8.0_25\jre\bin\msvcr100.dll
0x0000000055200000 - 0x0000000055a5a000 	C:\Program Files\Java\jdk1.8.0_25\jre\bin\server\jvm.dll
0x000007fee84a0000 - 0x000007fee84a9000 	C:\Windows\system32\WSOCK32.dll
0x000007feff040000 - 0x000007feff08d000 	C:\Windows\system32\WS2_32.dll
0x000007fefe670000 - 0x000007fefe678000 	C:\Windows\system32\NSI.dll
0x000007fefac10000 - 0x000007fefac4b000 	C:\Windows\system32\WINMM.dll
0x0000000077360000 - 0x0000000077367000 	C:\Windows\system32\PSAPI.DLL
0x000000006bda0000 - 0x000000006bdaf000 	C:\Program Files\Java\jdk1.8.0_25\jre\bin\verify.dll
0x000000005e0f0000 - 0x000000005e118000 	C:\Program Files\Java\jdk1.8.0_25\jre\bin\java.dll
0x000000005e1a0000 - 0x000000005e1b6000 	C:\Program Files\Java\jdk1.8.0_25\jre\bin\zip.dll
0x000007fefd5e0000 - 0x000007fefe368000 	C:\Windows\system32\SHELL32.dll
0x000007fefd3b0000 - 0x000007fefd5b3000 	C:\Windows\system32\ole32.dll
0x000007fefcf80000 - 0x000007fefcf8f000 	C:\Windows\system32\profapi.dll
0x000000005e180000 - 0x000000005e19a000 	C:\Program Files\Java\jdk1.8.0_25\jre\bin\net.dll
0x000007fefc7b0000 - 0x000007fefc805000 	C:\Windows\system32\mswsock.dll
0x000007fefc7a0000 - 0x000007fefc7a7000 	C:\Windows\System32\wship6.dll
0x000000005e0d0000 - 0x000000005e0e1000 	C:\Program Files\Java\jdk1.8.0_25\jre\bin\nio.dll
0x000007fef8f30000 - 0x000007fef8f42000 	C:\Users\Sinthujan\.gradle\native\19\windows-amd64\native-platform.dll
0x000007fefa430000 - 0x000007fefa457000 	C:\Windows\system32\IPHLPAPI.DLL
0x000007fefa3e0000 - 0x000007fefa3eb000 	C:\Windows\system32\WINNSI.DLL
0x000007fefa290000 - 0x000007fefa2a8000 	C:\Windows\system32\dhcpcsvc.DLL
0x000007fefa050000 - 0x000007fefa061000 	C:\Windows\system32\dhcpcsvc6.DLL
0x000007fefc810000 - 0x000007fefc827000 	C:\Windows\system32\CRYPTSP.dll
0x000007fefc510000 - 0x000007fefc557000 	C:\Windows\system32\rsaenh.dll
0x000007fefbbe0000 - 0x000007fefbbfe000 	C:\Windows\system32\USERENV.dll
0x000007fefce70000 - 0x000007fefce7f000 	C:\Windows\system32\CRYPTBASE.dll
0x000007fefce10000 - 0x000007fefce67000 	C:\Windows\system32\apphelp.dll
0x000000006bde0000 - 0x000000006bded000 	C:\Program Files\Java\jdk1.8.0_25\jre\bin\management.dll
0x000007fefb720000 - 0x000007fefb845000 	C:\Windows\system32\dbghelp.dll

VM Arguments:
jvm_args: -XX:MaxPermSize=256m -XX:+HeapDumpOnOutOfMemoryError -Xmx1024m -Dfile.encoding=windows-31j -Duser.country=SG -Duser.language=en -Duser.variant 
java_command: org.gradle.launcher.daemon.bootstrap.GradleDaemon 2.8
java_class_path (initial): C:\Program Files\Android\Android Studio\gradle\gradle-2.8\lib\gradle-launcher-2.8.jar
Launcher Type: SUN_STANDARD

Environment Variables:
JAVA_HOME=C:\Program Files\Java\jdk1.8.0_25
USERNAME=Sinthujan
OS=Windows_NT
PROCESSOR_IDENTIFIER=Intel64 Family 6 Model 58 Stepping 9, GenuineIntel



---------------  S Y S T E M  ---------------

OS: Windows 7 , 64 bit Build 7601 Service Pack 1

CPU:total 4 (2 cores per cpu, 2 threads per core) family 6 model 58 stepping 9, cmov, cx8, fxsr, mmx, sse, sse2, sse3, ssse3, sse4.1, sse4.2, popcnt, avx, aes, clmul, erms, ht, tsc, tscinvbit, tscinv

Memory: 4k page, physical 8077104k(892792k free), swap 9694920k(19508k free)

vm_info: Java HotSpot(TM) 64-Bit Server VM (25.25-b02) for windows-amd64 JRE (1.8.0_25-b18), built on Oct  7 2014 14:25:37 by "java_re" with MS VC++ 10.0 (VS2010)

time: Sat Mar 05 23:21:05 2016
elapsed time: 2308 seconds (0d 0h 38m 28s)

